Added Component: Designator=LS1(BUZZER)
Added Component: Designator=P1(HDR1X8)
Added Component: Designator=P2(HDR1X4)
Added Component: Designator=P3(Term.Block 2pin)
Added Component: Designator=P4(HDR1X3)
Added Component: Designator=U1(MODULE_ESP32-DEVKITC-32D)
Added Pin To Net: NetName=C1 Pin=P1-4
Added Pin To Net: NetName=C1 Pin=U1-J3-12
Added Net: Name=C1
Added Pin To Net: NetName=C2 Pin=P1-3
Added Pin To Net: NetName=C2 Pin=U1-J3-13
Added Net: Name=C2
Added Pin To Net: NetName=C3 Pin=P1-2
Added Pin To Net: NetName=C3 Pin=U1-J3-14
Added Net: Name=C3
Added Pin To Net: NetName=C4 Pin=P1-1
Added Pin To Net: NetName=C4 Pin=U1-J3-15
Added Net: Name=C4
Added Pin To Net: NetName=GND Pin=LS1-2
Added Pin To Net: NetName=GND Pin=P2-4
Added Pin To Net: NetName=GND Pin=P3-1
Added Pin To Net: NetName=GND Pin=P4-2
Added Pin To Net: NetName=GND Pin=U1-J2-14
Added Pin To Net: NetName=GND Pin=U1-J3-1
Added Pin To Net: NetName=GND Pin=U1-J3-7
Added Net: Name=GND
Added Pin To Net: NetName=R1 Pin=P1-8
Added Pin To Net: NetName=R1 Pin=U1-J3-8
Added Net: Name=R1
Added Pin To Net: NetName=R2 Pin=P1-7
Added Pin To Net: NetName=R2 Pin=U1-J3-9
Added Net: Name=R2
Added Pin To Net: NetName=R3 Pin=P1-6
Added Pin To Net: NetName=R3 Pin=U1-J3-10
Added Net: Name=R3
Added Pin To Net: NetName=R4 Pin=P1-5
Added Pin To Net: NetName=R4 Pin=U1-J3-11
Added Net: Name=R4
Added Pin To Net: NetName=RELAY Pin=P4-3
Added Pin To Net: NetName=RELAY Pin=U1-J2-13
Added Net: Name=RELAY
Added Pin To Net: NetName=SCL Pin=P2-1
Added Pin To Net: NetName=SCL Pin=U1-J3-3
Added Net: Name=SCL
Added Pin To Net: NetName=SDA Pin=P2-2
Added Pin To Net: NetName=SDA Pin=U1-J3-6
Added Net: Name=SDA
Added Pin To Net: NetName=VCC Pin=LS1-1
Added Pin To Net: NetName=VCC Pin=P2-3
Added Pin To Net: NetName=VCC Pin=P3-0
Added Pin To Net: NetName=VCC Pin=P4-1
Added Pin To Net: NetName=VCC Pin=U1-J2-19
Added Net: Name=VCC
Added Class: Name=SchematicDesign
